[2024-06-20T15:30:28.740+0000] {local_task_job_runner.py:120} INFO - ::group::Pre task execution logs
[2024-06-20T15:30:28.771+0000] {taskinstance.py:2076} INFO - Dependencies all met for dep_context=non-requeueable deps ti=<TaskInstance: testing_dag.copy_to_db manual__2024-06-20T15:25:13.420466+00:00 [queued]>
[2024-06-20T15:30:28.782+0000] {taskinstance.py:2076} INFO - Dependencies all met for dep_context=requeueable deps ti=<TaskInstance: testing_dag.copy_to_db manual__2024-06-20T15:25:13.420466+00:00 [queued]>
[2024-06-20T15:30:28.784+0000] {taskinstance.py:2306} INFO - Starting attempt 2 of 2
[2024-06-20T15:30:28.798+0000] {taskinstance.py:2330} INFO - Executing <Task(BashOperator): copy_to_db> on 2024-06-20 15:25:13.420466+00:00
[2024-06-20T15:30:28.822+0000] {warnings.py:112} WARNING - /home/***/.local/lib/python3.12/site-packages/***/task/task_runner/standard_task_runner.py:61: DeprecationWarning: This process (pid=747) is multi-threaded, use of fork() may lead to deadlocks in the child.
  pid = os.fork()

[2024-06-20T15:30:28.823+0000] {standard_task_runner.py:90} INFO - Running: ['***', 'tasks', 'run', 'testing_dag', 'copy_to_db', 'manual__2024-06-20T15:25:13.420466+00:00', '--job-id', '166', '--raw', '--subdir', 'DAGS_FOLDER/main_dag.py', '--cfg-path', '/tmp/tmpe8frle3e']
[2024-06-20T15:30:28.824+0000] {standard_task_runner.py:63} INFO - Started process 749 to run task
[2024-06-20T15:30:28.825+0000] {standard_task_runner.py:91} INFO - Job 166: Subtask copy_to_db
[2024-06-20T15:30:28.874+0000] {task_command.py:426} INFO - Running <TaskInstance: testing_dag.copy_to_db manual__2024-06-20T15:25:13.420466+00:00 [running]> on host 39e4faefdcb7
[2024-06-20T15:30:28.955+0000] {taskinstance.py:2648} INFO - Exporting env vars: AIRFLOW_CTX_DAG_EMAIL='***@example.com' AIRFLOW_CTX_DAG_OWNER='***' AIRFLOW_CTX_DAG_ID='testing_dag' AIRFLOW_CTX_TASK_ID='copy_to_db' AIRFLOW_CTX_EXECUTION_DATE='2024-06-20T15:25:13.420466+00:00' AIRFLOW_CTX_TRY_NUMBER='2' AIRFLOW_CTX_DAG_RUN_ID='manual__2024-06-20T15:25:13.420466+00:00'
[2024-06-20T15:30:28.957+0000] {taskinstance.py:430} INFO - ::endgroup::
[2024-06-20T15:30:28.964+0000] {subprocess.py:63} INFO - Tmp dir root location: /tmp
[2024-06-20T15:30:28.970+0000] {subprocess.py:75} INFO - Running command: ['/usr/bin/bash', '-c', 'docker cp /opt/***/data/output/landing_file_test.csv postgres-db-volume:/var/lib/postgresql/data']
[2024-06-20T15:30:28.992+0000] {subprocess.py:86} INFO - Output:
[2024-06-20T15:30:29.173+0000] {subprocess.py:93} INFO - Error response from daemon: No such container: postgres-db-volume
[2024-06-20T15:30:29.174+0000] {subprocess.py:97} INFO - Command exited with return code 1
[2024-06-20T15:30:29.175+0000] {taskinstance.py:441} INFO - ::group::Post task execution logs
[2024-06-20T15:30:29.187+0000] {taskinstance.py:2905} ERROR - Task failed with exception
Traceback (most recent call last):
  File "/home/airflow/.local/lib/python3.12/site-packages/airflow/models/taskinstance.py", line 465, in _execute_task
    result = _execute_callable(context=context, **execute_callable_kwargs)
             ^^^^^^^^^^^^^^^^^^^^^^^^^^^^^^^^^^^^^^^^^^^^^^^^^^^^^^^^^^^^^
  File "/home/airflow/.local/lib/python3.12/site-packages/airflow/models/taskinstance.py", line 432, in _execute_callable
    return execute_callable(context=context, **execute_callable_kwargs)
           ^^^^^^^^^^^^^^^^^^^^^^^^^^^^^^^^^^^^^^^^^^^^^^^^^^^^^^^^^^^^
  File "/home/airflow/.local/lib/python3.12/site-packages/airflow/models/baseoperator.py", line 401, in wrapper
    return func(self, *args, **kwargs)
           ^^^^^^^^^^^^^^^^^^^^^^^^^^^
  File "/home/airflow/.local/lib/python3.12/site-packages/airflow/operators/bash.py", line 243, in execute
    raise AirflowException(
airflow.exceptions.AirflowException: Bash command failed. The command returned a non-zero exit code 1.
[2024-06-20T15:30:29.193+0000] {taskinstance.py:1206} INFO - Marking task as FAILED. dag_id=testing_dag, task_id=copy_to_db, run_id=manual__2024-06-20T15:25:13.420466+00:00, execution_date=20240620T152513, start_date=20240620T153028, end_date=20240620T153029
[2024-06-20T15:30:29.210+0000] {standard_task_runner.py:110} ERROR - Failed to execute job 166 for task copy_to_db (Bash command failed. The command returned a non-zero exit code 1.; 749)
[2024-06-20T15:30:29.240+0000] {local_task_job_runner.py:240} INFO - Task exited with return code 1
[2024-06-20T15:30:29.255+0000] {taskinstance.py:3503} INFO - 0 downstream tasks scheduled from follow-on schedule check
[2024-06-20T15:30:29.257+0000] {local_task_job_runner.py:222} INFO - ::endgroup::
